<?xml version="1.0" encoding="UTF-8"?>
<testsuite xmlns:xsi="http://www.w3.org/2001/XMLSchema-instance" xsi:noNamespaceSchemaLocation="https://maven.apache.org/surefire/maven-surefire-plugin/xsd/surefire-test-report-3.0.xsd" version="3.0" name="com.javawhizz.App.ApplicationTests" time="15.201" tests="1" errors="0" skipped="0" failures="0">
  <properties>
[...]
</properties>
  <testcase name="contextLoads" classname="com.javawhizz.App.ApplicationTests" time="3.938">
    <system-out><![<![CDATA[20:16:25.447 [main] INFO org.springframework.test.context.support.AnnotationConfigContextLoaderUtils -- Could not detect default configuration classes for test class [com.javawhizz.App.ApplicationTests]: ApplicationTests does not declare any static, non-private, non-final, nested classes annotated with @Configuration.
20:16:26.006 [main] INFO org.springframework.boot.test.context.SpringBootTestContextBootstrapper -- Found @SpringBootConfiguration com.javawhizz.App.Application for test class com.javawhizz.App.ApplicationTests

  .   ____          _            __ _ _
 /\\ / ___'_ __ _ _(_)_ __  __ _ \ \ \ \
( ( )\___ | '_ | '_| | '_ \/ _` | \ \ \ \
 \\/  ___)| |_)| | | | | || (_| |  ) ) ) )
  '  |____| .__|_| |_|_| |_\__, | / / / /
 =========|_|==============|___/=/_/_/_/
 :: Spring Boot ::       (v3.2.0-SNAPSHOT)

2023-10-05T20:16:28.252+07:00  INFO 15728 --- [           main] com.javawhizz.App.ApplicationTests       : Starting ApplicationTests using Java 17.0.8 with PID 15728 (started by lecon in D:\Downloads\App\App)
2023-10-05T20:16:28.257+07:00  INFO 15728 --- [           main] com.javawhizz.App.ApplicationTests       : No active profile set, falling back to 1 default profile: "default"
2023-10-05T20:16:35.397+07:00  INFO 15728 --- [           main] com.javawhizz.App.ApplicationTests       : Started ApplicationTests in 8.639 seconds (process running for 18.118)
]]></system-out>
  </testcase>
</testsuite>